c:\users\wojtek\documents\visual studio 2015\projects\genetyczny-final\genetyczny-final\release\genetyczny-final.pch
c:\users\wojtek\documents\visual studio 2015\projects\genetyczny-final\genetyczny-final\release\vc140.pdb
c:\users\wojtek\documents\visual studio 2015\projects\genetyczny-final\genetyczny-final\release\stdafx.obj
c:\users\wojtek\documents\visual studio 2015\projects\genetyczny-final\genetyczny-final\release\stale.obj
c:\users\wojtek\documents\visual studio 2015\projects\genetyczny-final\genetyczny-final\release\genetyczny-final.obj
c:\users\wojtek\documents\visual studio 2015\projects\genetyczny-final\genetyczny-final\release\fabryka.obj
c:\users\wojtek\documents\visual studio 2015\projects\genetyczny-final\genetyczny-final\release\algorytm_genetyczny.obj
c:\users\wojtek\documents\visual studio 2015\projects\genetyczny-final\genetyczny-final\release\selekcja_turniejowa.obj
c:\users\wojtek\documents\visual studio 2015\projects\genetyczny-final\genetyczny-final\release\selekcja_rangowa.obj
c:\users\wojtek\documents\visual studio 2015\projects\genetyczny-final\genetyczny-final\release\selekcja_najlepsi.obj
c:\users\wojtek\documents\visual studio 2015\projects\genetyczny-final\genetyczny-final\release\selekcja.obj
c:\users\wojtek\documents\visual studio 2015\projects\genetyczny-final\genetyczny-final\release\kolo_ruletki.obj
c:\users\wojtek\documents\visual studio 2015\projects\genetyczny-final\genetyczny-final\release\mutacja_trzypunktowa.obj
c:\users\wojtek\documents\visual studio 2015\projects\genetyczny-final\genetyczny-final\release\mutacja_jednopunktowa.obj
c:\users\wojtek\documents\visual studio 2015\projects\genetyczny-final\genetyczny-final\release\mutacja_dwupunktowa.obj
c:\users\wojtek\documents\visual studio 2015\projects\genetyczny-final\genetyczny-final\release\mutacja.obj
c:\users\wojtek\documents\visual studio 2015\projects\genetyczny-final\genetyczny-final\release\chromosom.obj
c:\users\wojtek\documents\visual studio 2015\projects\genetyczny-final\genetyczny-final\release\krzyzowanie_trzypunktowe.obj
c:\users\wojtek\documents\visual studio 2015\projects\genetyczny-final\genetyczny-final\release\krzyzowanie_jednopunktowe.obj
c:\users\wojtek\documents\visual studio 2015\projects\genetyczny-final\genetyczny-final\release\krzyzowanie_dwupunktowe.obj
c:\users\wojtek\documents\visual studio 2015\projects\genetyczny-final\genetyczny-final\release\krzyzowanie.obj
c:\users\wojtek\documents\visual studio 2015\projects\genetyczny-final\release\genetyczny-final.exe
c:\users\wojtek\documents\visual studio 2015\projects\genetyczny-final\release\genetyczny-final.ipdb
c:\users\wojtek\documents\visual studio 2015\projects\genetyczny-final\release\genetyczny-final.iobj
c:\users\wojtek\documents\visual studio 2015\projects\genetyczny-final\release\genetyczny-final.pdb
c:\users\wojtek\documents\visual studio 2015\projects\genetyczny-final\genetyczny-final\release\genetyczny-final.tlog\cl.command.1.tlog
c:\users\wojtek\documents\visual studio 2015\projects\genetyczny-final\genetyczny-final\release\genetyczny-final.tlog\cl.read.1.tlog
c:\users\wojtek\documents\visual studio 2015\projects\genetyczny-final\genetyczny-final\release\genetyczny-final.tlog\cl.write.1.tlog
c:\users\wojtek\documents\visual studio 2015\projects\genetyczny-final\genetyczny-final\release\genetyczny-final.tlog\link.command.1.tlog
c:\users\wojtek\documents\visual studio 2015\projects\genetyczny-final\genetyczny-final\release\genetyczny-final.tlog\link.read.1.tlog
c:\users\wojtek\documents\visual studio 2015\projects\genetyczny-final\genetyczny-final\release\genetyczny-final.tlog\link.write.1.tlog
